/usr/local/Cellar/quast/4.5/quast.py ./week2_contig/contigs.fa ./week2_spades/contigs.fasta ./week2_MAP006/contigs.fasta ./week2_Reads/contigs.fa ./week2_Reads_spades/contigs.fasta -R reference.fasta

Version: 4.5, 15ca3b9

System information:
  OS: Darwin-16.7.0-x86_64-i386-64bit (macosx)
  Python version: 2.7.10
  CPUs number: 4

Started: 2017-09-20 20:13:34

Logging to /Users/cmdb/qbb2017-answers/week2_complab_homework/quast_results/results_2017_09_20_20_13_34/quast.log
NOTICE: Maximum number of threads is set to 1 (use --threads option to set it manually)

CWD: /Users/cmdb/qbb2017-answers/week2_complab_homework
Main parameters: 
  Threads: 1, minimum contig length: 500, ambiguity: one, threshold for extensive misassembly size: 1000

Reference:
  reference.fasta ==> reference

Contigs:
  Pre-processing...
  1  ./week2_contig/contigs.fa ==> week2_contig_contigs
  2  ./week2_spades/contigs.fasta ==> week2_spades_contigs
  3  ./week2_MAP006/contigs.fasta ==> week2_MAP006_contigs
  4  ./week2_Reads/contigs.fa ==> week2_Reads_contigs
  5  ./week2_Reads_spades/contigs.fasta ==> week2_Reads_spades_contigs

2017-09-20 20:13:35
Running Basic statistics processor...
  Reference genome:
    reference.fasta, length = 4639675, num fragments = 1, GC % = 50.79
  Contig files: 
    1  week2_contig_contigs
    2  week2_spades_contigs
    3  week2_MAP006_contigs
    4  week2_Reads_contigs
    5  week2_Reads_spades_contigs
  Calculating N50 and L50...
    1  week2_contig_contigs, N50 = 632, L50 = 5, Total length = 7243, GC % = 50.71, # N's per 100 kbp =  0.00
    2  week2_spades_contigs, N50 = 718, L50 = 8, Total length = 14250, GC % = 51.43, # N's per 100 kbp =  0.00
    3  week2_MAP006_contigs, N50 = 4036, L50 = 6, Total length = 58343, GC % = 52.39, # N's per 100 kbp =  0.00
    4  week2_Reads_contigs, N50 = 19911, L50 = 2, Total length = 99562, GC % = 52.58, # N's per 100 kbp =  0.00
    5  week2_Reads_spades_contigs, N50 = 99915, L50 = 1, Total length = 99915, GC % = 52.58, # N's per 100 kbp =  0.00
  Drawing Nx plot...
    saved to /Users/cmdb/qbb2017-answers/week2_complab_homework/quast_results/results_2017_09_20_20_13_34/basic_stats/Nx_plot.pdf
  Drawing NGx plot...
    saved to /Users/cmdb/qbb2017-answers/week2_complab_homework/quast_results/results_2017_09_20_20_13_34/basic_stats/NGx_plot.pdf
  Drawing cumulative plot...
    saved to /Users/cmdb/qbb2017-answers/week2_complab_homework/quast_results/results_2017_09_20_20_13_34/basic_stats/cumulative_plot.pdf
  Drawing GC content plot...
    saved to /Users/cmdb/qbb2017-answers/week2_complab_homework/quast_results/results_2017_09_20_20_13_34/basic_stats/GC_content_plot.pdf
  Drawing week2_contig_contigs GC content plot...
    saved to /Users/cmdb/qbb2017-answers/week2_complab_homework/quast_results/results_2017_09_20_20_13_34/basic_stats/week2_contig_contigs_GC_content_plot.pdf
  Drawing week2_spades_contigs GC content plot...
    saved to /Users/cmdb/qbb2017-answers/week2_complab_homework/quast_results/results_2017_09_20_20_13_34/basic_stats/week2_spades_contigs_GC_content_plot.pdf
  Drawing week2_MAP006_contigs GC content plot...
    saved to /Users/cmdb/qbb2017-answers/week2_complab_homework/quast_results/results_2017_09_20_20_13_34/basic_stats/week2_MAP006_contigs_GC_content_plot.pdf
  Drawing week2_Reads_contigs GC content plot...
    saved to /Users/cmdb/qbb2017-answers/week2_complab_homework/quast_results/results_2017_09_20_20_13_34/basic_stats/week2_Reads_contigs_GC_content_plot.pdf
  Drawing week2_Reads_spades_contigs GC content plot...
    saved to /Users/cmdb/qbb2017-answers/week2_complab_homework/quast_results/results_2017_09_20_20_13_34/basic_stats/week2_Reads_spades_contigs_GC_content_plot.pdf
  Drawing Coverage histogram (bin size: 1x)...
    saved to /Users/cmdb/qbb2017-answers/week2_complab_homework/quast_results/results_2017_09_20_20_13_34/basic_stats/coverage_histogram.pdf
  Drawing week2_contig_contigs coverage histogram (bin size: 1x)...
    saved to /Users/cmdb/qbb2017-answers/week2_complab_homework/quast_results/results_2017_09_20_20_13_34/basic_stats/week2_contig_contigs_coverage_histogram.pdf
  Drawing week2_spades_contigs coverage histogram (bin size: 1x)...
    saved to /Users/cmdb/qbb2017-answers/week2_complab_homework/quast_results/results_2017_09_20_20_13_34/basic_stats/week2_spades_contigs_coverage_histogram.pdf
  Drawing week2_MAP006_contigs coverage histogram (bin size: 1x)...
    saved to /Users/cmdb/qbb2017-answers/week2_complab_homework/quast_results/results_2017_09_20_20_13_34/basic_stats/week2_MAP006_contigs_coverage_histogram.pdf
  Drawing week2_Reads_contigs coverage histogram (bin size: 7x)...
    saved to /Users/cmdb/qbb2017-answers/week2_complab_homework/quast_results/results_2017_09_20_20_13_34/basic_stats/week2_Reads_contigs_coverage_histogram.pdf
  Drawing week2_Reads_spades_contigs coverage histogram (bin size: 1x)...
    saved to /Users/cmdb/qbb2017-answers/week2_complab_homework/quast_results/results_2017_09_20_20_13_34/basic_stats/week2_Reads_spades_contigs_coverage_histogram.pdf
Done.

2017-09-20 20:13:40
Running Contig analyzer...
NOTICE: Previous try of gnuplot compilation was unsuccessful! For forced retrying, please remove /usr/local/Cellar/quast/4.5/quast_libs/gnuplot/make.failed and restart QUAST. 
  1  week2_contig_contigs
  1  Logging to files /Users/cmdb/qbb2017-answers/week2_complab_homework/quast_results/results_2017_09_20_20_13_34/contigs_reports/contigs_report_week2_contig_contigs.stdout and contigs_report_week2_contig_contigs.stderr...
  1  Aligning contigs to the reference
  1  /usr/local/Cellar/quast/4.5/quast_libs/MUMmer/nucmer -c 65 -l 65 --maxmatch -p \
     quast_results/results_2017_09_20_20_13_34/contigs_reports/nucmer_output/week2_contig_contigs \
     --emem -t 1 --emempath /usr/local/bin/e-mem quast_results/results_2017_09_20_20_13_34/quast_corrected_input/reference.fasta \
     quast_results/results_2017_09_20_20_13_34/quast_corrected_input/week2_contig_contigs.fa \
     >> quast_results/results_2017_09_20_20_13_34/contigs_reports/contigs_report_week2_contig_contigs.stdout \
     2>> quast_results/results_2017_09_20_20_13_34/contigs_reports/contigs_report_week2_contig_contigs.stderr
     The tool returned non-zero. See quast_results/results_2017_09_20_20_13_34/contigs_reports/contigs_report_week2_contig_contigs.stderr for stderr.

ERROR!   1  Failed aligning contigs week2_contig_contigs to the reference (non-zero exit code). Run with the --debug flag to see additional information.
  2  week2_spades_contigs
  2  Logging to files /Users/cmdb/qbb2017-answers/week2_complab_homework/quast_results/results_2017_09_20_20_13_34/contigs_reports/contigs_report_week2_spades_contigs.stdout and contigs_report_week2_spades_contigs.stderr...
  2  Aligning contigs to the reference
  2  /usr/local/Cellar/quast/4.5/quast_libs/MUMmer/nucmer -c 65 -l 65 --maxmatch -p \
     quast_results/results_2017_09_20_20_13_34/contigs_reports/nucmer_output/week2_spades_contigs \
     --emem -t 1 --emempath /usr/local/bin/e-mem quast_results/results_2017_09_20_20_13_34/quast_corrected_input/reference.fasta \
     quast_results/results_2017_09_20_20_13_34/quast_corrected_input/week2_spades_contigs.fasta \
     >> quast_results/results_2017_09_20_20_13_34/contigs_reports/contigs_report_week2_spades_contigs.stdout \
     2>> quast_results/results_2017_09_20_20_13_34/contigs_reports/contigs_report_week2_spades_contigs.stderr
     The tool returned non-zero. See quast_results/results_2017_09_20_20_13_34/contigs_reports/contigs_report_week2_spades_contigs.stderr for stderr.

ERROR!   2  Failed aligning contigs week2_spades_contigs to the reference (non-zero exit code). Run with the --debug flag to see additional information.
  3  week2_MAP006_contigs
  3  Logging to files /Users/cmdb/qbb2017-answers/week2_complab_homework/quast_results/results_2017_09_20_20_13_34/contigs_reports/contigs_report_week2_MAP006_contigs.stdout and contigs_report_week2_MAP006_contigs.stderr...
  3  Aligning contigs to the reference
  3  /usr/local/Cellar/quast/4.5/quast_libs/MUMmer/nucmer -c 65 -l 65 --maxmatch -p \
     quast_results/results_2017_09_20_20_13_34/contigs_reports/nucmer_output/week2_MAP006_contigs \
     --emem -t 1 --emempath /usr/local/bin/e-mem quast_results/results_2017_09_20_20_13_34/quast_corrected_input/reference.fasta \
     quast_results/results_2017_09_20_20_13_34/quast_corrected_input/week2_MAP006_contigs.fasta \
     >> quast_results/results_2017_09_20_20_13_34/contigs_reports/contigs_report_week2_MAP006_contigs.stdout \
     2>> quast_results/results_2017_09_20_20_13_34/contigs_reports/contigs_report_week2_MAP006_contigs.stderr
     The tool returned non-zero. See quast_results/results_2017_09_20_20_13_34/contigs_reports/contigs_report_week2_MAP006_contigs.stderr for stderr.

ERROR!   3  Failed aligning contigs week2_MAP006_contigs to the reference (non-zero exit code). Run with the --debug flag to see additional information.
  4  week2_Reads_contigs
  4  Logging to files /Users/cmdb/qbb2017-answers/week2_complab_homework/quast_results/results_2017_09_20_20_13_34/contigs_reports/contigs_report_week2_Reads_contigs.stdout and contigs_report_week2_Reads_contigs.stderr...
  4  Aligning contigs to the reference
  4  /usr/local/Cellar/quast/4.5/quast_libs/MUMmer/nucmer -c 65 -l 65 --maxmatch -p \
     quast_results/results_2017_09_20_20_13_34/contigs_reports/nucmer_output/week2_Reads_contigs \
     --emem -t 1 --emempath /usr/local/bin/e-mem quast_results/results_2017_09_20_20_13_34/quast_corrected_input/reference.fasta \
     quast_results/results_2017_09_20_20_13_34/quast_corrected_input/week2_Reads_contigs.fa \
     >> quast_results/results_2017_09_20_20_13_34/contigs_reports/contigs_report_week2_Reads_contigs.stdout \
     2>> quast_results/results_2017_09_20_20_13_34/contigs_reports/contigs_report_week2_Reads_contigs.stderr
     The tool returned non-zero. See quast_results/results_2017_09_20_20_13_34/contigs_reports/contigs_report_week2_Reads_contigs.stderr for stderr.

ERROR!   4  Failed aligning contigs week2_Reads_contigs to the reference (non-zero exit code). Run with the --debug flag to see additional information.
  5  week2_Reads_spades_contigs
  5  Logging to files /Users/cmdb/qbb2017-answers/week2_complab_homework/quast_results/results_2017_09_20_20_13_34/contigs_reports/contigs_report_week2_Reads_spades_contigs.stdout and contigs_report_week2_Reads_spades_contigs.stderr...
  5  Aligning contigs to the reference
  5  /usr/local/Cellar/quast/4.5/quast_libs/MUMmer/nucmer -c 65 -l 65 --maxmatch -p \
     quast_results/results_2017_09_20_20_13_34/contigs_reports/nucmer_output/week2_Reads_spades_contigs \
     --emem -t 1 --emempath /usr/local/bin/e-mem quast_results/results_2017_09_20_20_13_34/quast_corrected_input/reference.fasta \
     quast_results/results_2017_09_20_20_13_34/quast_corrected_input/week2_Reads_spades_contigs.fasta \
     >> quast_results/results_2017_09_20_20_13_34/contigs_reports/contigs_report_week2_Reads_spades_contigs.stdout \
     2>> quast_results/results_2017_09_20_20_13_34/contigs_reports/contigs_report_week2_Reads_spades_contigs.stderr
     The tool returned non-zero. See quast_results/results_2017_09_20_20_13_34/contigs_reports/contigs_report_week2_Reads_spades_contigs.stderr for stderr.

ERROR!   5  Failed aligning contigs week2_Reads_spades_contigs to the reference (non-zero exit code). Run with the --debug flag to see additional information.
Failed aligning the contigs for all the assemblies. Only basic stats are going to be evaluated.
WARNING: Please rerun QUAST using --test option to ensure that E-MEM aligner works properly.

NOTICE: Genes are not predicted by default. Use --gene-finding option to enable it.

2017-09-20 20:13:42
Creating large visual summaries...
This may take a while: press Ctrl-C to skip this step..
  1 of 2: Creating Icarus viewers...
  2 of 2: Creating PDF with all tables and plots...
Done

2017-09-20 20:13:44
RESULTS:
  Text versions of total report are saved to /Users/cmdb/qbb2017-answers/week2_complab_homework/quast_results/results_2017_09_20_20_13_34/report.txt, report.tsv, and report.tex
  Text versions of transposed total report are saved to /Users/cmdb/qbb2017-answers/week2_complab_homework/quast_results/results_2017_09_20_20_13_34/transposed_report.txt, transposed_report.tsv, and transposed_report.tex
  HTML version (interactive tables and plots) saved to /Users/cmdb/qbb2017-answers/week2_complab_homework/quast_results/results_2017_09_20_20_13_34/report.html
  PDF version (tables and plots) is saved to /Users/cmdb/qbb2017-answers/week2_complab_homework/quast_results/results_2017_09_20_20_13_34/report.pdf
  Icarus (contig browser) is saved to /Users/cmdb/qbb2017-answers/week2_complab_homework/quast_results/results_2017_09_20_20_13_34/icarus.html
  Log saved to /Users/cmdb/qbb2017-answers/week2_complab_homework/quast_results/results_2017_09_20_20_13_34/quast.log

Finished: 2017-09-20 20:13:44
Elapsed time: 0:00:09.910222
NOTICEs: 3; WARNINGs: 1; non-fatal ERRORs: 5

Thank you for using QUAST!
